<?xml version="1.0" encoding="UTF-8"?>
<testng-results ignored="0" total="9" passed="8" failed="1" skipped="0">
  <reporter-output>
  </reporter-output>
  <suite started-at="2022-08-09T14:04:28Z" name="Default suite" finished-at="2022-08-09T14:06:47Z" duration-ms="139211">
    <groups>
    </groups>
    <test started-at="2022-08-09T14:04:28Z" name="Default test" finished-at="2022-08-09T14:06:47Z" duration-ms="139211">
      <class name="com.WACart.qa.TestCases.HomePageTestCase">
        <test-method is-config="true" signature="setup()[pri:0, instance:com.WACart.qa.TestCases.HomePageTestCase@5ef5c734]" started-at="2022-08-09T14:04:28Z" name="setup" finished-at="2022-08-09T14:04:40Z" duration-ms="12571" status="PASS">
          <reporter-output>
          </reporter-output>
        </test-method> <!-- setup -->
        <test-method signature="searchProduct()[pri:0, instance:com.WACart.qa.TestCases.HomePageTestCase@5ef5c734]" started-at="2022-08-09T14:04:40Z" name="searchProduct" finished-at="2022-08-09T14:04:45Z" duration-ms="4831" status="PASS">
          <reporter-output>
          </reporter-output>
        </test-method> <!-- searchProduct -->
        <test-method is-config="true" signature="tearDown()[pri:0, instance:com.WACart.qa.TestCases.HomePageTestCase@5ef5c734]" started-at="2022-08-09T14:04:45Z" name="tearDown" finished-at="2022-08-09T14:04:46Z" duration-ms="862" status="PASS">
          <reporter-output>
          </reporter-output>
        </test-method> <!-- tearDown -->
        <test-method is-config="true" signature="setup()[pri:0, instance:com.WACart.qa.TestCases.HomePageTestCase@5ef5c734]" started-at="2022-08-09T14:04:46Z" name="setup" finished-at="2022-08-09T14:04:57Z" duration-ms="11165" status="PASS">
          <reporter-output>
          </reporter-output>
        </test-method> <!-- setup -->
        <test-method signature="validateCameraLink()[pri:0, instance:com.WACart.qa.TestCases.HomePageTestCase@5ef5c734]" started-at="2022-08-09T14:04:57Z" name="validateCameraLink" finished-at="2022-08-09T14:05:02Z" duration-ms="4532" status="PASS">
          <reporter-output>
          </reporter-output>
        </test-method> <!-- validateCameraLink -->
        <test-method is-config="true" signature="tearDown()[pri:0, instance:com.WACart.qa.TestCases.HomePageTestCase@5ef5c734]" started-at="2022-08-09T14:05:02Z" name="tearDown" finished-at="2022-08-09T14:05:03Z" duration-ms="931" status="PASS">
          <reporter-output>
          </reporter-output>
        </test-method> <!-- tearDown -->
        <test-method is-config="true" signature="setup()[pri:0, instance:com.WACart.qa.TestCases.HomePageTestCase@5ef5c734]" started-at="2022-08-09T14:05:03Z" name="setup" finished-at="2022-08-09T14:05:13Z" duration-ms="10278" status="PASS">
          <reporter-output>
          </reporter-output>
        </test-method> <!-- setup -->
        <test-method signature="validateDesktoplink()[pri:0, instance:com.WACart.qa.TestCases.HomePageTestCase@5ef5c734]" started-at="2022-08-09T14:05:13Z" name="validateDesktoplink" finished-at="2022-08-09T14:05:17Z" duration-ms="4305" status="PASS">
          <reporter-output>
          </reporter-output>
        </test-method> <!-- validateDesktoplink -->
        <test-method is-config="true" signature="tearDown()[pri:0, instance:com.WACart.qa.TestCases.HomePageTestCase@5ef5c734]" started-at="2022-08-09T14:05:17Z" name="tearDown" finished-at="2022-08-09T14:05:18Z" duration-ms="1071" status="PASS">
          <reporter-output>
          </reporter-output>
        </test-method> <!-- tearDown -->
        <test-method is-config="true" signature="setup()[pri:0, instance:com.WACart.qa.TestCases.HomePageTestCase@5ef5c734]" started-at="2022-08-09T14:05:18Z" name="setup" finished-at="2022-08-09T14:05:29Z" duration-ms="10356" status="PASS">
          <reporter-output>
          </reporter-output>
        </test-method> <!-- setup -->
        <test-method signature="validateHomePage()[pri:0, instance:com.WACart.qa.TestCases.HomePageTestCase@5ef5c734]" started-at="2022-08-09T14:05:29Z" name="validateHomePage" finished-at="2022-08-09T14:05:32Z" duration-ms="3790" status="PASS">
          <reporter-output>
          </reporter-output>
        </test-method> <!-- validateHomePage -->
        <test-method is-config="true" signature="tearDown()[pri:0, instance:com.WACart.qa.TestCases.HomePageTestCase@5ef5c734]" started-at="2022-08-09T14:05:32Z" name="tearDown" finished-at="2022-08-09T14:05:33Z" duration-ms="659" status="PASS">
          <reporter-output>
          </reporter-output>
        </test-method> <!-- tearDown -->
        <test-method is-config="true" signature="setup()[pri:0, instance:com.WACart.qa.TestCases.HomePageTestCase@5ef5c734]" started-at="2022-08-09T14:05:33Z" name="setup" finished-at="2022-08-09T14:05:43Z" duration-ms="9802" status="PASS">
          <reporter-output>
          </reporter-output>
        </test-method> <!-- setup -->
        <test-method signature="validateLaptopAndNotebooksLink()[pri:0, instance:com.WACart.qa.TestCases.HomePageTestCase@5ef5c734]" started-at="2022-08-09T14:05:43Z" name="validateLaptopAndNotebooksLink" finished-at="2022-08-09T14:05:47Z" duration-ms="4602" status="PASS">
          <reporter-output>
          </reporter-output>
        </test-method> <!-- validateLaptopAndNotebooksLink -->
        <test-method is-config="true" signature="tearDown()[pri:0, instance:com.WACart.qa.TestCases.HomePageTestCase@5ef5c734]" started-at="2022-08-09T14:05:47Z" name="tearDown" finished-at="2022-08-09T14:05:48Z" duration-ms="872" status="PASS">
          <reporter-output>
          </reporter-output>
        </test-method> <!-- tearDown -->
        <test-method is-config="true" signature="setup()[pri:0, instance:com.WACart.qa.TestCases.HomePageTestCase@5ef5c734]" started-at="2022-08-09T14:05:48Z" name="setup" finished-at="2022-08-09T14:05:58Z" duration-ms="9323" status="PASS">
          <reporter-output>
          </reporter-output>
        </test-method> <!-- setup -->
        <test-method signature="validateNextkey()[pri:0, instance:com.WACart.qa.TestCases.HomePageTestCase@5ef5c734]" started-at="2022-08-09T14:05:58Z" name="validateNextkey" finished-at="2022-08-09T14:06:01Z" duration-ms="3567" status="PASS">
          <reporter-output>
          </reporter-output>
        </test-method> <!-- validateNextkey -->
        <test-method is-config="true" signature="tearDown()[pri:0, instance:com.WACart.qa.TestCases.HomePageTestCase@5ef5c734]" started-at="2022-08-09T14:06:01Z" name="tearDown" finished-at="2022-08-09T14:06:02Z" duration-ms="727" status="PASS">
          <reporter-output>
          </reporter-output>
        </test-method> <!-- tearDown -->
        <test-method is-config="true" signature="setup()[pri:0, instance:com.WACart.qa.TestCases.HomePageTestCase@5ef5c734]" started-at="2022-08-09T14:06:02Z" name="setup" finished-at="2022-08-09T14:06:12Z" duration-ms="10165" status="PASS">
          <reporter-output>
          </reporter-output>
        </test-method> <!-- setup -->
        <test-method signature="validatePrevkey()[pri:0, instance:com.WACart.qa.TestCases.HomePageTestCase@5ef5c734]" started-at="2022-08-09T14:06:12Z" name="validatePrevkey" finished-at="2022-08-09T14:06:16Z" duration-ms="3684" status="PASS">
          <reporter-output>
          </reporter-output>
        </test-method> <!-- validatePrevkey -->
        <test-method is-config="true" signature="tearDown()[pri:0, instance:com.WACart.qa.TestCases.HomePageTestCase@5ef5c734]" started-at="2022-08-09T14:06:16Z" name="tearDown" finished-at="2022-08-09T14:06:17Z" duration-ms="741" status="PASS">
          <reporter-output>
          </reporter-output>
        </test-method> <!-- tearDown -->
        <test-method is-config="true" signature="setup()[pri:0, instance:com.WACart.qa.TestCases.HomePageTestCase@5ef5c734]" started-at="2022-08-09T14:06:17Z" name="setup" finished-at="2022-08-09T14:06:27Z" duration-ms="10051" status="PASS">
          <reporter-output>
          </reporter-output>
        </test-method> <!-- setup -->
        <test-method signature="validateWACartLogo()[pri:0, instance:com.WACart.qa.TestCases.HomePageTestCase@5ef5c734]" started-at="2022-08-09T14:06:27Z" name="validateWACartLogo" finished-at="2022-08-09T14:06:30Z" duration-ms="3649" status="FAIL">
          <exception class="org.openqa.selenium.NoSuchSessionException">
            <message>
              <![CDATA[Session ID is null. Using WebDriver after calling quit()?
Build info: version: '3.141.59', revision: 'e82be7d358', time: '2018-11-14T08:17:03'
System info: host: 'DESKTOP-KTJNVA9', ip: '192.168.0.106', os.name: 'Windows 10', os.arch: 'amd64', os.version: '10.0', java.version: '17.0.2'
Driver info: driver.version: RemoteWebDriver]]>
            </message>
            <full-stacktrace>
              <![CDATA[org.openqa.selenium.NoSuchSessionException: Session ID is null. Using WebDriver after calling quit()?
Build info: version: '3.141.59', revision: 'e82be7d358', time: '2018-11-14T08:17:03'
System info: host: 'DESKTOP-KTJNVA9', ip: '192.168.0.106', os.name: 'Windows 10', os.arch: 'amd64', os.version: '10.0', java.version: '17.0.2'
Driver info: driver.version: RemoteWebDriver
at org.openqa.selenium.remote.HttpCommandExecutor.execute(HttpCommandExecutor.java:125)
at org.openqa.selenium.remote.service.DriverCommandExecutor.execute(DriverCommandExecutor.java:83)
at org.openqa.selenium.remote.RemoteWebDriver.execute(RemoteWebDriver.java:552)
at org.openqa.selenium.remote.RemoteWebDriver.findElement(RemoteWebDriver.java:323)
at org.openqa.selenium.remote.RemoteWebDriver.findElementByXPath(RemoteWebDriver.java:428)
at org.openqa.selenium.By$ByXPath.findElement(By.java:353)
at org.openqa.selenium.remote.RemoteWebDriver.findElement(RemoteWebDriver.java:315)
at org.openqa.selenium.support.pagefactory.DefaultElementLocator.findElement(DefaultElementLocator.java:69)
at org.openqa.selenium.support.pagefactory.internal.LocatingElementHandler.invoke(LocatingElementHandler.java:38)
at jdk.proxy2/jdk.proxy2.$Proxy13.click(Unknown Source)
at com.WACart.qa.pages.HomePage.wacartLogo(HomePage.java:57)
at com.WACart.qa.TestCases.HomePageTestCase.validateWACartLogo(HomePageTestCase.java:59)
at java.base/jdk.internal.reflect.NativeMethodAccessorImpl.invoke0(Native Method)
at java.base/jdk.internal.reflect.NativeMethodAccessorImpl.invoke(NativeMethodAccessorImpl.java:77)
at java.base/jdk.internal.reflect.DelegatingMethodAccessorImpl.invoke(DelegatingMethodAccessorImpl.java:43)
at java.base/java.lang.reflect.Method.invoke(Method.java:568)
at org.testng.internal.MethodInvocationHelper.invokeMethod(MethodInvocationHelper.java:124)
at org.testng.internal.Invoker.invokeMethod(Invoker.java:583)
at org.testng.internal.Invoker.invokeTestMethod(Invoker.java:719)
at org.testng.internal.Invoker.invokeTestMethods(Invoker.java:989)
at org.testng.internal.TestMethodWorker.invokeTestMethods(TestMethodWorker.java:125)
at org.testng.internal.TestMethodWorker.run(TestMethodWorker.java:109)
at org.testng.TestRunner.privateRun(TestRunner.java:648)
at org.testng.TestRunner.run(TestRunner.java:505)
at org.testng.SuiteRunner.runTest(SuiteRunner.java:455)
at org.testng.SuiteRunner.runSequentially(SuiteRunner.java:450)
at org.testng.SuiteRunner.privateRun(SuiteRunner.java:415)
at org.testng.SuiteRunner.run(SuiteRunner.java:364)
at org.testng.SuiteRunnerWorker.runSuite(SuiteRunnerWorker.java:52)
at org.testng.SuiteRunnerWorker.run(SuiteRunnerWorker.java:84)
at org.testng.TestNG.runSuitesSequentially(TestNG.java:1208)
at org.testng.TestNG.runSuitesLocally(TestNG.java:1137)
at org.testng.TestNG.runSuites(TestNG.java:1049)
at org.testng.TestNG.run(TestNG.java:1017)
at org.testng.remote.AbstractRemoteTestNG.run(AbstractRemoteTestNG.java:115)
at org.testng.remote.RemoteTestNG.initAndRun(RemoteTestNG.java:251)
at org.testng.remote.RemoteTestNG.main(RemoteTestNG.java:77)
]]>
            </full-stacktrace>
          </exception> <!-- org.openqa.selenium.NoSuchSessionException -->
          <reporter-output>
          </reporter-output>
        </test-method> <!-- validateWACartLogo -->
        <test-method is-config="true" signature="tearDown()[pri:0, instance:com.WACart.qa.TestCases.HomePageTestCase@5ef5c734]" started-at="2022-08-09T14:06:30Z" name="tearDown" finished-at="2022-08-09T14:06:31Z" duration-ms="520" status="PASS">
          <reporter-output>
          </reporter-output>
        </test-method> <!-- tearDown -->
        <test-method is-config="true" signature="setup()[pri:0, instance:com.WACart.qa.TestCases.HomePageTestCase@5ef5c734]" started-at="2022-08-09T14:06:31Z" name="setup" finished-at="2022-08-09T14:06:40Z" duration-ms="9700" status="PASS">
          <reporter-output>
          </reporter-output>
        </test-method> <!-- setup -->
        <test-method signature="validatesearchBox()[pri:0, instance:com.WACart.qa.TestCases.HomePageTestCase@5ef5c734]" started-at="2022-08-09T14:06:40Z" name="validatesearchBox" finished-at="2022-08-09T14:06:46Z" duration-ms="5606" status="PASS">
          <reporter-output>
          </reporter-output>
        </test-method> <!-- validatesearchBox -->
        <test-method is-config="true" signature="tearDown()[pri:0, instance:com.WACart.qa.TestCases.HomePageTestCase@5ef5c734]" started-at="2022-08-09T14:06:46Z" name="tearDown" finished-at="2022-08-09T14:06:47Z" duration-ms="716" status="PASS">
          <reporter-output>
          </reporter-output>
        </test-method> <!-- tearDown -->
      </class> <!-- com.WACart.qa.TestCases.HomePageTestCase -->
    </test> <!-- Default test -->
  </suite> <!-- Default suite -->
</testng-results>
