<?xml version="1.0" encoding="UTF-8"?>
<testng-results ignored="0" total="13" passed="12" failed="1" skipped="0">
  <reporter-output>
  </reporter-output>
  <suite started-at="2022-08-13T09:00:47Z" name="Default suite" finished-at="2022-08-13T09:02:51Z" duration-ms="123542">
    <groups>
    </groups>
    <test started-at="2022-08-13T09:00:47Z" name="Default test" finished-at="2022-08-13T09:02:51Z" duration-ms="123542">
      <class name="com.WACart.qa.TestCases.HomePageTestCase">
        <test-method is-config="true" signature="setup()[pri:0, instance:com.WACart.qa.TestCases.HomePageTestCase@d771cc9]" started-at="2022-08-13T09:00:49Z" name="setup" finished-at="2022-08-13T09:00:55Z" duration-ms="5415" status="PASS">
          <reporter-output>
          </reporter-output>
        </test-method> <!-- setup -->
        <test-method signature="searchProduct(java.lang.String)[pri:0, instance:com.WACart.qa.TestCases.HomePageTestCase@d771cc9]" started-at="2022-08-13T09:00:55Z" name="searchProduct" data-provider="searchproduct" finished-at="2022-08-13T09:01:00Z" duration-ms="4939" status="PASS">
          <params>
            <param index="0">
              <value>
                <![CDATA[Apple]]>
              </value>
            </param>
          </params>
          <reporter-output>
          </reporter-output>
        </test-method> <!-- searchProduct -->
        <test-method is-config="true" signature="tearDown()[pri:0, instance:com.WACart.qa.TestCases.HomePageTestCase@d771cc9]" started-at="2022-08-13T09:01:00Z" name="tearDown" finished-at="2022-08-13T09:01:00Z" duration-ms="601" status="PASS">
          <reporter-output>
          </reporter-output>
        </test-method> <!-- tearDown -->
        <test-method is-config="true" signature="setup()[pri:0, instance:com.WACart.qa.TestCases.HomePageTestCase@d771cc9]" started-at="2022-08-13T09:01:00Z" name="setup" finished-at="2022-08-13T09:01:07Z" duration-ms="6634" status="PASS">
          <reporter-output>
          </reporter-output>
        </test-method> <!-- setup -->
        <test-method signature="searchProduct(java.lang.String)[pri:0, instance:com.WACart.qa.TestCases.HomePageTestCase@d771cc9]" started-at="2022-08-13T09:01:07Z" name="searchProduct" data-provider="searchproduct" finished-at="2022-08-13T09:01:11Z" duration-ms="4240" status="PASS">
          <params>
            <param index="0">
              <value>
                <![CDATA[123456]]>
              </value>
            </param>
          </params>
          <reporter-output>
          </reporter-output>
        </test-method> <!-- searchProduct -->
        <test-method is-config="true" signature="tearDown()[pri:0, instance:com.WACart.qa.TestCases.HomePageTestCase@d771cc9]" started-at="2022-08-13T09:01:11Z" name="tearDown" finished-at="2022-08-13T09:01:12Z" duration-ms="462" status="PASS">
          <reporter-output>
          </reporter-output>
        </test-method> <!-- tearDown -->
        <test-method is-config="true" signature="setup()[pri:0, instance:com.WACart.qa.TestCases.HomePageTestCase@d771cc9]" started-at="2022-08-13T09:01:12Z" name="setup" finished-at="2022-08-13T09:01:16Z" duration-ms="4181" status="PASS">
          <reporter-output>
          </reporter-output>
        </test-method> <!-- setup -->
        <test-method signature="searchProduct(java.lang.String)[pri:0, instance:com.WACart.qa.TestCases.HomePageTestCase@d771cc9]" started-at="2022-08-13T09:01:16Z" name="searchProduct" data-provider="searchproduct" finished-at="2022-08-13T09:01:20Z" duration-ms="4042" status="PASS">
          <params>
            <param index="0">
              <value>
                <![CDATA[@@]]>
              </value>
            </param>
          </params>
          <reporter-output>
          </reporter-output>
        </test-method> <!-- searchProduct -->
        <test-method is-config="true" signature="tearDown()[pri:0, instance:com.WACart.qa.TestCases.HomePageTestCase@d771cc9]" started-at="2022-08-13T09:01:20Z" name="tearDown" finished-at="2022-08-13T09:01:20Z" duration-ms="351" status="PASS">
          <reporter-output>
          </reporter-output>
        </test-method> <!-- tearDown -->
        <test-method is-config="true" signature="setup()[pri:0, instance:com.WACart.qa.TestCases.HomePageTestCase@d771cc9]" started-at="2022-08-13T09:01:20Z" name="setup" finished-at="2022-08-13T09:01:24Z" duration-ms="4176" status="PASS">
          <reporter-output>
          </reporter-output>
        </test-method> <!-- setup -->
        <test-method signature="searchProduct(java.lang.String)[pri:0, instance:com.WACart.qa.TestCases.HomePageTestCase@d771cc9]" started-at="2022-08-13T09:01:24Z" name="searchProduct" data-provider="searchproduct" finished-at="2022-08-13T09:01:28Z" duration-ms="4050" status="PASS">
          <params>
            <param index="0">
              <value>
                <![CDATA[Apple 20]]>
              </value>
            </param>
          </params>
          <reporter-output>
          </reporter-output>
        </test-method> <!-- searchProduct -->
        <test-method is-config="true" signature="tearDown()[pri:0, instance:com.WACart.qa.TestCases.HomePageTestCase@d771cc9]" started-at="2022-08-13T09:01:28Z" name="tearDown" finished-at="2022-08-13T09:01:29Z" duration-ms="586" status="PASS">
          <reporter-output>
          </reporter-output>
        </test-method> <!-- tearDown -->
        <test-method is-config="true" signature="setup()[pri:0, instance:com.WACart.qa.TestCases.HomePageTestCase@d771cc9]" started-at="2022-08-13T09:01:29Z" name="setup" finished-at="2022-08-13T09:01:34Z" duration-ms="4439" status="PASS">
          <reporter-output>
          </reporter-output>
        </test-method> <!-- setup -->
        <test-method signature="searchProduct(java.lang.String)[pri:0, instance:com.WACart.qa.TestCases.HomePageTestCase@d771cc9]" started-at="2022-08-13T09:01:34Z" name="searchProduct" data-provider="searchproduct" finished-at="2022-08-13T09:01:38Z" duration-ms="4363" status="PASS">
          <params>
            <param index="0">
              <value>
                <![CDATA[]]>
              </value>
            </param>
          </params>
          <reporter-output>
          </reporter-output>
        </test-method> <!-- searchProduct -->
        <test-method is-config="true" signature="tearDown()[pri:0, instance:com.WACart.qa.TestCases.HomePageTestCase@d771cc9]" started-at="2022-08-13T09:01:38Z" name="tearDown" finished-at="2022-08-13T09:01:38Z" duration-ms="462" status="PASS">
          <reporter-output>
          </reporter-output>
        </test-method> <!-- tearDown -->
        <test-method is-config="true" signature="setup()[pri:0, instance:com.WACart.qa.TestCases.HomePageTestCase@d771cc9]" started-at="2022-08-13T09:01:38Z" name="setup" finished-at="2022-08-13T09:01:43Z" duration-ms="4950" status="PASS">
          <reporter-output>
          </reporter-output>
        </test-method> <!-- setup -->
        <test-method signature="validateCameraLink()[pri:0, instance:com.WACart.qa.TestCases.HomePageTestCase@d771cc9]" started-at="2022-08-13T09:01:43Z" name="validateCameraLink" finished-at="2022-08-13T09:01:47Z" duration-ms="3907" status="PASS">
          <reporter-output>
          </reporter-output>
        </test-method> <!-- validateCameraLink -->
        <test-method is-config="true" signature="tearDown()[pri:0, instance:com.WACart.qa.TestCases.HomePageTestCase@d771cc9]" started-at="2022-08-13T09:01:47Z" name="tearDown" finished-at="2022-08-13T09:01:48Z" duration-ms="385" status="PASS">
          <reporter-output>
          </reporter-output>
        </test-method> <!-- tearDown -->
        <test-method is-config="true" signature="setup()[pri:0, instance:com.WACart.qa.TestCases.HomePageTestCase@d771cc9]" started-at="2022-08-13T09:01:48Z" name="setup" finished-at="2022-08-13T09:01:52Z" duration-ms="4332" status="PASS">
          <reporter-output>
          </reporter-output>
        </test-method> <!-- setup -->
        <test-method signature="validateDesktoplink()[pri:0, instance:com.WACart.qa.TestCases.HomePageTestCase@d771cc9]" started-at="2022-08-13T09:01:52Z" name="validateDesktoplink" finished-at="2022-08-13T09:01:56Z" duration-ms="4078" status="PASS">
          <reporter-output>
          </reporter-output>
        </test-method> <!-- validateDesktoplink -->
        <test-method is-config="true" signature="tearDown()[pri:0, instance:com.WACart.qa.TestCases.HomePageTestCase@d771cc9]" started-at="2022-08-13T09:01:56Z" name="tearDown" finished-at="2022-08-13T09:01:56Z" duration-ms="377" status="PASS">
          <reporter-output>
          </reporter-output>
        </test-method> <!-- tearDown -->
        <test-method is-config="true" signature="setup()[pri:0, instance:com.WACart.qa.TestCases.HomePageTestCase@d771cc9]" started-at="2022-08-13T09:01:56Z" name="setup" finished-at="2022-08-13T09:02:00Z" duration-ms="4096" status="PASS">
          <reporter-output>
          </reporter-output>
        </test-method> <!-- setup -->
        <test-method signature="validateHomePage()[pri:0, instance:com.WACart.qa.TestCases.HomePageTestCase@d771cc9]" started-at="2022-08-13T09:02:00Z" name="validateHomePage" finished-at="2022-08-13T09:02:04Z" duration-ms="3335" status="PASS">
          <reporter-output>
          </reporter-output>
        </test-method> <!-- validateHomePage -->
        <test-method is-config="true" signature="tearDown()[pri:0, instance:com.WACart.qa.TestCases.HomePageTestCase@d771cc9]" started-at="2022-08-13T09:02:04Z" name="tearDown" finished-at="2022-08-13T09:02:04Z" duration-ms="449" status="PASS">
          <reporter-output>
          </reporter-output>
        </test-method> <!-- tearDown -->
        <test-method is-config="true" signature="setup()[pri:0, instance:com.WACart.qa.TestCases.HomePageTestCase@d771cc9]" started-at="2022-08-13T09:02:04Z" name="setup" finished-at="2022-08-13T09:02:08Z" duration-ms="4191" status="PASS">
          <reporter-output>
          </reporter-output>
        </test-method> <!-- setup -->
        <test-method signature="validateLaptopAndNotebooksLink()[pri:0, instance:com.WACart.qa.TestCases.HomePageTestCase@d771cc9]" started-at="2022-08-13T09:02:08Z" name="validateLaptopAndNotebooksLink" finished-at="2022-08-13T09:02:12Z" duration-ms="3949" status="PASS">
          <reporter-output>
          </reporter-output>
        </test-method> <!-- validateLaptopAndNotebooksLink -->
        <test-method is-config="true" signature="tearDown()[pri:0, instance:com.WACart.qa.TestCases.HomePageTestCase@d771cc9]" started-at="2022-08-13T09:02:12Z" name="tearDown" finished-at="2022-08-13T09:02:13Z" duration-ms="318" status="PASS">
          <reporter-output>
          </reporter-output>
        </test-method> <!-- tearDown -->
        <test-method is-config="true" signature="setup()[pri:0, instance:com.WACart.qa.TestCases.HomePageTestCase@d771cc9]" started-at="2022-08-13T09:02:13Z" name="setup" finished-at="2022-08-13T09:02:17Z" duration-ms="3914" status="PASS">
          <reporter-output>
          </reporter-output>
        </test-method> <!-- setup -->
        <test-method signature="validateNextkey()[pri:0, instance:com.WACart.qa.TestCases.HomePageTestCase@d771cc9]" started-at="2022-08-13T09:02:17Z" name="validateNextkey" finished-at="2022-08-13T09:02:20Z" duration-ms="3577" status="PASS">
          <reporter-output>
          </reporter-output>
        </test-method> <!-- validateNextkey -->
        <test-method is-config="true" signature="tearDown()[pri:0, instance:com.WACart.qa.TestCases.HomePageTestCase@d771cc9]" started-at="2022-08-13T09:02:20Z" name="tearDown" finished-at="2022-08-13T09:02:21Z" duration-ms="350" status="PASS">
          <reporter-output>
          </reporter-output>
        </test-method> <!-- tearDown -->
        <test-method is-config="true" signature="setup()[pri:0, instance:com.WACart.qa.TestCases.HomePageTestCase@d771cc9]" started-at="2022-08-13T09:02:21Z" name="setup" finished-at="2022-08-13T09:02:25Z" duration-ms="4760" status="PASS">
          <reporter-output>
          </reporter-output>
        </test-method> <!-- setup -->
        <test-method signature="validatePrevkey()[pri:0, instance:com.WACart.qa.TestCases.HomePageTestCase@d771cc9]" started-at="2022-08-13T09:02:25Z" name="validatePrevkey" finished-at="2022-08-13T09:02:29Z" duration-ms="3410" status="PASS">
          <reporter-output>
          </reporter-output>
        </test-method> <!-- validatePrevkey -->
        <test-method is-config="true" signature="tearDown()[pri:0, instance:com.WACart.qa.TestCases.HomePageTestCase@d771cc9]" started-at="2022-08-13T09:02:29Z" name="tearDown" finished-at="2022-08-13T09:02:29Z" duration-ms="370" status="PASS">
          <reporter-output>
          </reporter-output>
        </test-method> <!-- tearDown -->
        <test-method is-config="true" signature="setup()[pri:0, instance:com.WACart.qa.TestCases.HomePageTestCase@d771cc9]" started-at="2022-08-13T09:02:29Z" name="setup" finished-at="2022-08-13T09:02:33Z" duration-ms="4276" status="PASS">
          <reporter-output>
          </reporter-output>
        </test-method> <!-- setup -->
        <test-method signature="validateWACartLogo()[pri:0, instance:com.WACart.qa.TestCases.HomePageTestCase@d771cc9]" started-at="2022-08-13T09:02:33Z" name="validateWACartLogo" finished-at="2022-08-13T09:02:39Z" duration-ms="5382" status="FAIL">
          <exception class="org.openqa.selenium.NoSuchSessionException">
            <message>
              <![CDATA[Session ID is null. Using WebDriver after calling quit()?
Build info: version: '3.141.59', revision: 'e82be7d358', time: '2018-11-14T08:17:03'
System info: host: 'DESKTOP-KTJNVA9', ip: '192.168.0.106', os.name: 'Windows 10', os.arch: 'amd64', os.version: '10.0', java.version: '17.0.2'
Driver info: driver.version: RemoteWebDriver]]>
            </message>
            <full-stacktrace>
              <![CDATA[org.openqa.selenium.NoSuchSessionException: Session ID is null. Using WebDriver after calling quit()?
Build info: version: '3.141.59', revision: 'e82be7d358', time: '2018-11-14T08:17:03'
System info: host: 'DESKTOP-KTJNVA9', ip: '192.168.0.106', os.name: 'Windows 10', os.arch: 'amd64', os.version: '10.0', java.version: '17.0.2'
Driver info: driver.version: RemoteWebDriver
at org.openqa.selenium.remote.HttpCommandExecutor.execute(HttpCommandExecutor.java:125)
at org.openqa.selenium.remote.service.DriverCommandExecutor.execute(DriverCommandExecutor.java:83)
at org.openqa.selenium.remote.RemoteWebDriver.execute(RemoteWebDriver.java:552)
at org.openqa.selenium.remote.RemoteWebDriver.findElement(RemoteWebDriver.java:323)
at org.openqa.selenium.remote.RemoteWebDriver.findElementByXPath(RemoteWebDriver.java:428)
at org.openqa.selenium.By$ByXPath.findElement(By.java:353)
at org.openqa.selenium.remote.RemoteWebDriver.findElement(RemoteWebDriver.java:315)
at org.openqa.selenium.support.pagefactory.DefaultElementLocator.findElement(DefaultElementLocator.java:69)
at org.openqa.selenium.support.pagefactory.internal.LocatingElementHandler.invoke(LocatingElementHandler.java:38)
at jdk.proxy2/jdk.proxy2.$Proxy14.click(Unknown Source)
at com.WACart.qa.pages.HomePage.wacartLogo(HomePage.java:57)
at com.WACart.qa.TestCases.HomePageTestCase.validateWACartLogo(HomePageTestCase.java:63)
at java.base/jdk.internal.reflect.NativeMethodAccessorImpl.invoke0(Native Method)
at java.base/jdk.internal.reflect.NativeMethodAccessorImpl.invoke(NativeMethodAccessorImpl.java:77)
at java.base/jdk.internal.reflect.DelegatingMethodAccessorImpl.invoke(DelegatingMethodAccessorImpl.java:43)
at java.base/java.lang.reflect.Method.invoke(Method.java:568)
at org.testng.internal.MethodInvocationHelper.invokeMethod(MethodInvocationHelper.java:124)
at org.testng.internal.Invoker.invokeMethod(Invoker.java:583)
at org.testng.internal.Invoker.invokeTestMethod(Invoker.java:719)
at org.testng.internal.Invoker.invokeTestMethods(Invoker.java:989)
at org.testng.internal.TestMethodWorker.invokeTestMethods(TestMethodWorker.java:125)
at org.testng.internal.TestMethodWorker.run(TestMethodWorker.java:109)
at org.testng.TestRunner.privateRun(TestRunner.java:648)
at org.testng.TestRunner.run(TestRunner.java:505)
at org.testng.SuiteRunner.runTest(SuiteRunner.java:455)
at org.testng.SuiteRunner.runSequentially(SuiteRunner.java:450)
at org.testng.SuiteRunner.privateRun(SuiteRunner.java:415)
at org.testng.SuiteRunner.run(SuiteRunner.java:364)
at org.testng.SuiteRunnerWorker.runSuite(SuiteRunnerWorker.java:52)
at org.testng.SuiteRunnerWorker.run(SuiteRunnerWorker.java:84)
at org.testng.TestNG.runSuitesSequentially(TestNG.java:1208)
at org.testng.TestNG.runSuitesLocally(TestNG.java:1137)
at org.testng.TestNG.runSuites(TestNG.java:1049)
at org.testng.TestNG.run(TestNG.java:1017)
at org.testng.remote.AbstractRemoteTestNG.run(AbstractRemoteTestNG.java:115)
at org.testng.remote.RemoteTestNG.initAndRun(RemoteTestNG.java:251)
at org.testng.remote.RemoteTestNG.main(RemoteTestNG.java:77)
]]>
            </full-stacktrace>
          </exception> <!-- org.openqa.selenium.NoSuchSessionException -->
          <reporter-output>
          </reporter-output>
        </test-method> <!-- validateWACartLogo -->
        <test-method is-config="true" signature="tearDown()[pri:0, instance:com.WACart.qa.TestCases.HomePageTestCase@d771cc9]" started-at="2022-08-13T09:02:39Z" name="tearDown" finished-at="2022-08-13T09:02:39Z" duration-ms="347" status="PASS">
          <reporter-output>
          </reporter-output>
        </test-method> <!-- tearDown -->
        <test-method is-config="true" signature="setup()[pri:0, instance:com.WACart.qa.TestCases.HomePageTestCase@d771cc9]" started-at="2022-08-13T09:02:39Z" name="setup" finished-at="2022-08-13T09:02:44Z" duration-ms="4948" status="PASS">
          <reporter-output>
          </reporter-output>
        </test-method> <!-- setup -->
        <test-method signature="validatesearchBox()[pri:0, instance:com.WACart.qa.TestCases.HomePageTestCase@d771cc9]" started-at="2022-08-13T09:02:44Z" name="validatesearchBox" finished-at="2022-08-13T09:02:50Z" duration-ms="5594" status="PASS">
          <reporter-output>
          </reporter-output>
        </test-method> <!-- validatesearchBox -->
        <test-method is-config="true" signature="tearDown()[pri:0, instance:com.WACart.qa.TestCases.HomePageTestCase@d771cc9]" started-at="2022-08-13T09:02:50Z" name="tearDown" finished-at="2022-08-13T09:02:51Z" duration-ms="1091" status="PASS">
          <reporter-output>
          </reporter-output>
        </test-method> <!-- tearDown -->
      </class> <!-- com.WACart.qa.TestCases.HomePageTestCase -->
    </test> <!-- Default test -->
  </suite> <!-- Default suite -->
</testng-results>
